{"name":"hexo","hostname":"LAPTOP-H8R67KAJ","pid":12300,"level":20,"msg":"Hexo version: 3.6.0","time":"2018-03-18T13:41:16.575Z","v":0}
{"name":"hexo","hostname":"LAPTOP-H8R67KAJ","pid":12300,"level":20,"msg":"Working directory: C:\\f\\hexo\\blog\\","time":"2018-03-18T13:41:16.577Z","v":0}
{"name":"hexo","hostname":"LAPTOP-H8R67KAJ","pid":12300,"level":20,"msg":"Config loaded: C:\\f\\hexo\\blog\\_config.yml","time":"2018-03-18T13:41:16.687Z","v":0}
{"name":"hexo","hostname":"LAPTOP-H8R67KAJ","pid":12300,"level":20,"msg":"Plugin loaded: hexo-deployer-git","time":"2018-03-18T13:41:16.723Z","v":0}
{"name":"hexo","hostname":"LAPTOP-H8R67KAJ","pid":12300,"level":20,"msg":"Plugin loaded: hexo-generator-search","time":"2018-03-18T13:41:16.726Z","v":0}
{"name":"hexo","hostname":"LAPTOP-H8R67KAJ","pid":12300,"level":20,"msg":"Plugin loaded: hexo-generator-index","time":"2018-03-18T13:41:16.729Z","v":0}
{"name":"hexo","hostname":"LAPTOP-H8R67KAJ","pid":12300,"level":20,"msg":"Plugin loaded: hexo-generator-archive","time":"2018-03-18T13:41:16.731Z","v":0}
{"name":"hexo","hostname":"LAPTOP-H8R67KAJ","pid":12300,"level":20,"msg":"Plugin loaded: hexo-generator-category","time":"2018-03-18T13:41:16.733Z","v":0}
{"name":"hexo","hostname":"LAPTOP-H8R67KAJ","pid":12300,"level":20,"msg":"Plugin loaded: hexo-generator-sitemap","time":"2018-03-18T13:41:16.734Z","v":0}
{"name":"hexo","hostname":"LAPTOP-H8R67KAJ","pid":12300,"level":20,"msg":"Plugin loaded: hexo-renderer-ejs","time":"2018-03-18T13:41:16.737Z","v":0}
{"name":"hexo","hostname":"LAPTOP-H8R67KAJ","pid":12300,"level":20,"msg":"Plugin loaded: hexo-generator-tag","time":"2018-03-18T13:41:16.739Z","v":0}
{"name":"hexo","hostname":"LAPTOP-H8R67KAJ","pid":12300,"level":20,"msg":"Plugin loaded: hexo-renderer-marked","time":"2018-03-18T13:41:16.744Z","v":0}
{"name":"hexo","hostname":"LAPTOP-H8R67KAJ","pid":12300,"level":20,"msg":"Plugin loaded: hexo-renderer-stylus","time":"2018-03-18T13:41:16.746Z","v":0}
{"name":"hexo","hostname":"LAPTOP-H8R67KAJ","pid":12300,"level":20,"msg":"Plugin loaded: hexo-server","time":"2018-03-18T13:41:16.829Z","v":0}
{"name":"hexo","hostname":"LAPTOP-H8R67KAJ","pid":12300,"level":20,"msg":"Script loaded: themes\\next\\scripts\\merge-configs.js","time":"2018-03-18T13:41:16.833Z","v":0}
{"name":"hexo","hostname":"LAPTOP-H8R67KAJ","pid":12300,"level":20,"msg":"Script loaded: themes\\next\\scripts\\tags\\group-pictures.js","time":"2018-03-18T13:41:16.834Z","v":0}
{"name":"hexo","hostname":"LAPTOP-H8R67KAJ","pid":12300,"level":20,"msg":"Script loaded: themes\\next\\scripts\\tags\\center-quote.js","time":"2018-03-18T13:41:16.835Z","v":0}
{"name":"hexo","hostname":"LAPTOP-H8R67KAJ","pid":12300,"level":20,"msg":"Script loaded: themes\\next\\scripts\\tags\\button.js","time":"2018-03-18T13:41:16.835Z","v":0}
{"name":"hexo","hostname":"LAPTOP-H8R67KAJ","pid":12300,"level":20,"msg":"Script loaded: themes\\next\\scripts\\tags\\full-image.js","time":"2018-03-18T13:41:16.835Z","v":0}
{"name":"hexo","hostname":"LAPTOP-H8R67KAJ","pid":12300,"level":20,"msg":"Script loaded: themes\\next\\scripts\\tags\\label.js","time":"2018-03-18T13:41:16.835Z","v":0}
{"name":"hexo","hostname":"LAPTOP-H8R67KAJ","pid":12300,"level":20,"msg":"Script loaded: themes\\next\\scripts\\tags\\tabs.js","time":"2018-03-18T13:41:16.835Z","v":0}
{"name":"hexo","hostname":"LAPTOP-H8R67KAJ","pid":12300,"level":20,"msg":"Script loaded: themes\\next\\scripts\\merge.js","time":"2018-03-18T13:41:16.837Z","v":0}
{"name":"hexo","hostname":"LAPTOP-H8R67KAJ","pid":12300,"level":20,"msg":"Script loaded: themes\\next\\scripts\\tags\\lazy-image.js","time":"2018-03-18T13:41:16.838Z","v":0}
{"name":"hexo","hostname":"LAPTOP-H8R67KAJ","pid":12300,"level":20,"msg":"Script loaded: themes\\next\\scripts\\tags\\exturl.js","time":"2018-03-18T13:41:16.838Z","v":0}
{"name":"hexo","hostname":"LAPTOP-H8R67KAJ","pid":12300,"level":20,"msg":"Script loaded: themes\\next\\scripts\\tags\\note.js","time":"2018-03-18T13:41:16.839Z","v":0}
{"name":"hexo","hostname":"LAPTOP-H8R67KAJ","pid":12300,"level":20,"msg":"Database saved","time":"2018-03-18T13:41:16.842Z","v":0}
